ffmpeg version 2024-10-24-git-153a6dc8fa-full_build-www.gyan.dev Copyright (c) 2000-2024 the FFmpeg developers
  built with gcc 14.2.0 (Rev1, Built by MSYS2 project)
  configuration: --enable-gpl --enable-version3 --enable-static --disable-w32threads --disable-autodetect --enable-fontconfig --enable-iconv --enable-gnutls --enable-libxml2 --enable-gmp --enable-bzlib --enable-lzma --enable-libsnappy --enable-zlib --enable-librist --enable-libsrt --enable-libssh --enable-libzmq --enable-avisynth --enable-libbluray --enable-libcaca --enable-sdl2 --enable-libaribb24 --enable-libaribcaption --enable-libdav1d --enable-libdavs2 --enable-libopenjpeg --enable-libquirc --enable-libuavs3d --enable-libxevd --enable-libzvbi --enable-libqrencode --enable-librav1e --enable-libsvtav1 --enable-libvvenc --enable-libwebp --enable-libx264 --enable-libx265 --enable-libxavs2 --enable-libxeve --enable-libxvid --enable-libaom --enable-libjxl --enable-libvpx --enable-mediafoundation --enable-libass --enable-frei0r --enable-libfreetype --enable-libfribidi --enable-libharfbuzz --enable-liblensfun --enable-libvidstab --enable-libvmaf --enable-libzimg --enable-amf --enable-cuda-llvm --enable-cuvid --enable-dxva2 --enable-d3d11va --enable-d3d12va --enable-ffnvcodec --enable-libvpl --enable-nvdec --enable-nvenc --enable-vaapi --enable-libshaderc --enable-vulkan --enable-libplacebo --enable-opencl --enable-libcdio --enable-libgme --enable-libmodplug --enable-libopenmpt --enable-libopencore-amrwb --enable-libmp3lame --enable-libshine --enable-libtheora --enable-libtwolame --enable-libvo-amrwbenc --enable-libcodec2 --enable-libilbc --enable-libgsm --enable-liblc3 --enable-libopencore-amrnb --enable-libopus --enable-libspeex --enable-libvorbis --enable-ladspa --enable-libbs2b --enable-libflite --enable-libmysofa --enable-librubberband --enable-libsoxr --enable-chromaprint
  libavutil      59. 45.100 / 59. 45.100
  libavcodec     61. 22.100 / 61. 22.100
  libavformat    61.  9.100 / 61.  9.100
  libavdevice    61.  4.100 / 61.  4.100
  libavfilter    10.  6.100 / 10.  6.100
  libswscale      8.  9.100 /  8.  9.100
  libswresample   5.  4.100 /  5.  4.100
  libpostproc    58.  4.100 / 58.  4.100
Splitting the commandline.
Reading option '-v' ... matched as option 'v' (set logging level) with argument 'debug'.
Reading option '-nostdin' ... matched as option 'stdin' (enable or disable interaction on standard input) with argument 0.
Reading option '-progress' ... matched as option 'progress' (write program-readable progress information) with argument 'C:/Users/Taki/AppData/Local/Temp/KritaFFmpegProgress.RipXZs'.
Reading option '-r' ... matched as option 'r' (override input framerate/convert to given output framerate (Hz value, fraction or abbreviation)) with argument '10'.
Reading option '-start_number' ... matched as AVOption 'start_number' with argument '144'.
Reading option '-i' ... matched as input url with argument 'C:/Users/Taki/Desktop/hunjam2024/assets/leafdude/leafdude_hide/leafdude_hide%04d.png'.
Reading option '-crf' ... matched as AVOption 'crf' with argument '23'.
Reading option '-preset' ... matched as AVOption 'preset' with argument 'medium'.
Reading option '-profile:v' ... matched as option 'profile' (set profile) with argument 'baseline'.
Reading option '-pix_fmt' ... matched as option 'pix_fmt' (set pixel format) with argument 'yuv420p'.
Reading option '-y' ... matched as option 'y' (overwrite output files) with argument '1'.
Reading option 'C:/Users/Taki/Desktop/hunjam2024/assets/leafdude/leafdude_hide/leafdude_hide.mp4' ... matched as output url.
Finished splitting the commandline.
Parsing a group of options: global .
Applying option v (set logging level) with argument debug.
Applying option nostdin (enable or disable interaction on standard input) with argument 0.
Applying option progress (write program-readable progress information) with argument C:/Users/Taki/AppData/Local/Temp/KritaFFmpegProgress.RipXZs.
[file @ 0000025479ed7a80] Setting default whitelist 'file,crypto,data'
Applying option y (overwrite output files) with argument 1.
Successfully parsed a group of options.
Parsing a group of options: input url C:/Users/Taki/Desktop/hunjam2024/assets/leafdude/leafdude_hide/leafdude_hide%04d.png.
Applying option r (override input framerate/convert to given output framerate (Hz value, fraction or abbreviation)) with argument 10.
Successfully parsed a group of options.
Opening an input file: C:/Users/Taki/Desktop/hunjam2024/assets/leafdude/leafdude_hide/leafdude_hide%04d.png.
[image2 @ 0000025479ed8980] Opening 'C:/Users/Taki/Desktop/hunjam2024/assets/leafdude/leafdude_hide/leafdude_hide0144.png' for reading
[file @ 0000025479f1ea00] Setting default whitelist 'file,crypto,data'
[AVIOContext @ 0000025479f26b80] Statistics: 47467 bytes read, 0 seeks
[image2 @ 0000025479ed8980] Opening 'C:/Users/Taki/Desktop/hunjam2024/assets/leafdude/leafdude_hide/leafdude_hide0145.png' for reading
[file @ 0000025479f32800] Setting default whitelist 'file,crypto,data'
[AVIOContext @ 0000025479f44840] Statistics: 44608 bytes read, 0 seeks
[image2 @ 0000025479ed8980] Opening 'C:/Users/Taki/Desktop/hunjam2024/assets/leafdude/leafdude_hide/leafdude_hide0146.png' for reading
[file @ 0000025479f328c0] Setting default whitelist 'file,crypto,data'
[AVIOContext @ 0000025479f44840] Statistics: 41525 bytes read, 0 seeks
[image2 @ 0000025479ed8980] Opening 'C:/Users/Taki/Desktop/hunjam2024/assets/leafdude/leafdude_hide/leafdude_hide0147.png' for reading
[file @ 0000025479f59bc0] Setting default whitelist 'file,crypto,data'
[AVIOContext @ 0000025479f44840] Statistics: 39708 bytes read, 0 seeks
[image2 @ 0000025479ed8980] Opening 'C:/Users/Taki/Desktop/hunjam2024/assets/leafdude/leafdude_hide/leafdude_hide0148.png' for reading
[file @ 0000025479f63880] Setting default whitelist 'file,crypto,data'
[AVIOContext @ 0000025479f44840] Statistics: 39669 bytes read, 0 seeks
[image2 @ 0000025479ed8980] Opening 'C:/Users/Taki/Desktop/hunjam2024/assets/leafdude/leafdude_hide/leafdude_hide0149.png' for reading
[file @ 0000025479f63880] Setting default whitelist 'file,crypto,data'
[AVIOContext @ 0000025479f44840] Statistics: 39397 bytes read, 0 seeks
[image2 @ 0000025479ed8980] Opening 'C:/Users/Taki/Desktop/hunjam2024/assets/leafdude/leafdude_hide/leafdude_hide0150.png' for reading
[file @ 0000025479f63880] Setting default whitelist 'file,crypto,data'
[AVIOContext @ 0000025479f44840] Statistics: 38798 bytes read, 0 seeks
[image2 @ 0000025479ed8980] Opening 'C:/Users/Taki/Desktop/hunjam2024/assets/leafdude/leafdude_hide/leafdude_hide0151.png' for reading
[file @ 0000025479f63880] Setting default whitelist 'file,crypto,data'
[AVIOContext @ 0000025479f44840] Statistics: 39044 bytes read, 0 seeks
[image2 @ 0000025479ed8980] Opening 'C:/Users/Taki/Desktop/hunjam2024/assets/leafdude/leafdude_hide/leafdude_hide0152.png' for reading
[file @ 0000025479f63880] Setting default whitelist 'file,crypto,data'
[AVIOContext @ 0000025479f44840] Statistics: 38861 bytes read, 0 seeks
[image2 @ 0000025479ed8980] Opening 'C:/Users/Taki/Desktop/hunjam2024/assets/leafdude/leafdude_hide/leafdude_hide0153.png' for reading
[file @ 0000025479f63880] Setting default whitelist 'file,crypto,data'
[AVIOContext @ 0000025479f44840] Statistics: 38302 bytes read, 0 seeks
[image2 @ 0000025479ed8980] Opening 'C:/Users/Taki/Desktop/hunjam2024/assets/leafdude/leafdude_hide/leafdude_hide0154.png' for reading
[file @ 0000025479f63880] Setting default whitelist 'file,crypto,data'
[AVIOContext @ 0000025479f44840] Statistics: 38185 bytes read, 0 seeks
[image2 @ 0000025479ed8980] Opening 'C:/Users/Taki/Desktop/hunjam2024/assets/leafdude/leafdude_hide/leafdude_hide0155.png' for reading
[file @ 0000025479f63880] Setting default whitelist 'file,crypto,data'
[AVIOContext @ 0000025479f44840] Statistics: 38028 bytes read, 0 seeks
[image2 @ 0000025479ed8980] Opening 'C:/Users/Taki/Desktop/hunjam2024/assets/leafdude/leafdude_hide/leafdude_hide0156.png' for reading
[file @ 0000025479f63880] Setting default whitelist 'file,crypto,data'
[AVIOContext @ 0000025479f44840] Statistics: 37698 bytes read, 0 seeks
[image2 @ 0000025479ed8980] Opening 'C:/Users/Taki/Desktop/hunjam2024/assets/leafdude/leafdude_hide/leafdude_hide0157.png' for reading
[file @ 0000025479f63880] Setting default whitelist 'file,crypto,data'
[AVIOContext @ 0000025479f44840] Statistics: 37698 bytes read, 0 seeks
Input #0, image2, from 'C:/Users/Taki/Desktop/hunjam2024/assets/leafdude/leafdude_hide/leafdude_hide%04d.png':
  Duration: 00:00:00.56, start: 0.000000, bitrate: N/A
  Stream #0:0, 14, 1/25: Video: png, 1 reference frame, rgba(pc, gbr/unknown/unknown), 512x512 [SAR 3779:3779 DAR 1:1], 0/1, 25 fps, 25 tbr, 25 tbn
Successfully opened the file.
Parsing a group of options: output url C:/Users/Taki/Desktop/hunjam2024/assets/leafdude/leafdude_hide/leafdude_hide.mp4.
Applying option profile:v (set profile) with argument baseline.
Applying option pix_fmt (set pixel format) with argument yuv420p.
Successfully parsed a group of options.
Opening an output file: C:/Users/Taki/Desktop/hunjam2024/assets/leafdude/leafdude_hide/leafdude_hide.mp4.
[out#0/mp4 @ 0000025479f1ba40] No explicit maps, mapping streams automatically...
[vost#0:0/libx264 @ 0000025479f78c00] Created video stream from input stream 0:0
detected 4 logical cores
[file @ 0000025479f38a80] Setting default whitelist 'file,crypto,data'
Successfully opened the file.
Stream mapping:
  Stream #0:0 -> #0:0 (png (native) -> h264 (libx264))
[vost#0:0/libx264 @ 0000025479f78c00] Starting thread...
[vf#0:0 @ 0000025479f79f00] Starting thread...
[vist#0:0/png @ 0000025479f1b880] [dec:png @ 000002547a45e780] Starting thread...
[in#0/image2 @ 0000025479ed8680] Starting thread...
[in#0/image2 @ 0000025479ed8680] EOF while reading input
[in#0/image2 @ 0000025479ed8680] Terminating thread with return code 0 (success)
[graph -1 input from stream 0:0 @ 000002547a4bcb00] w:512 h:512 pixfmt:rgba tb:1/10 fr:10/1 sar:3779/3779 csp:gbr range:pc
[format @ 0000025479f61800] Setting 'pix_fmts' to value 'yuv420p'
[format @ 0000025479f61800] Setting 'color_ranges' to value 'tv|pc'
[auto_scale_0 @ 0000025479f63500] w:iw h:ih flags:'' interl:0
[format @ 0000025479f61800] auto-inserting filter 'auto_scale_0' between the filter 'Parsed_null_0' and the filter 'format'
[AVFilterGraph @ 0000025479f6e080] query_formats: 4 queried, 6 merged, 3 already done, 0 delayed
[auto_scale_0 @ 0000025479f63500] w:512 h:512 fmt:rgba csp:gbr range:pc sar:3779/3779 -> w:512 h:512 fmt:yuv420p csp:unknown range:tv sar:1/1 flags:0x00000004
[auto_scale_0 @ 0000025479f63500] [framesync @ 0000025479f61ce8] Selected 1/10 time base
[auto_scale_0 @ 0000025479f63500] [framesync @ 0000025479f61ce8] Sync level 1
[libx264 @ 0000025479f794c0] using mv_range_thread = 40
[libx264 @ 0000025479f794c0] using SAR=1/1
[libx264 @ 0000025479f794c0] using cpu capabilities: MMX2 SSE2Fast SSSE3 SSE4.2 AVX FMA3 BMI2 AVX2
[libx264 @ 0000025479f794c0] profile Constrained Baseline, level 2.2, 4:2:0, 8-bit
[libx264 @ 0000025479f794c0] 264 - core 164 r3194 1243d9f - H.264/MPEG-4 AVC codec - Copyleft 2003-2024 - http://www.videolan.org/x264.html - options: cabac=0 ref=3 deblock=1:0:0 analyse=0x1:0x111 me=hex subme=7 psy=1 psy_rd=1.00:0.00 mixed_ref=1 me_range=16 chroma_me=1 trellis=1 8x8dct=0 cqm=0 deadzone=21,11 fast_pskip=1 chroma_qp_offset=-2 threads=6 lookahead_threads=1 sliced_threads=0 nr=0 decimate=1 interlaced=0 bluray_compat=0 constrained_intra=0 bframes=0 weightp=0 keyint=250 keyint_min=10 scenecut=40 intra_refresh=0 rc_lookahead=40 rc=crf mbtree=1 crf=23.0 qcomp=0.60 qpmin=0 qpmax=69 qpstep=4 ip_ratio=1.40 aq=1:1.00
Output #0, mp4, to 'C:/Users/Taki/Desktop/hunjam2024/assets/leafdude/leafdude_hide/leafdude_hide.mp4':
  Metadata:
    encoder         : Lavf61.9.100
  Stream #0:0, 0, 1/10240: Video: h264, 1 reference frame (avc1 / 0x31637661), yuv420p(tv, progressive), 512x512 [SAR 1:1 DAR 1:1], 0/1, q=2-31, 10 fps, 10240 tbn
    Metadata:
      encoder         : Lavc61.22.100 libx264
    Side data:
      ICC Profile
      cpb: bitrate max/min/avg: 0/0/0 buffer size: 0 vbv_delay: N/A
[out#0/mp4 @ 0000025479f1ba40] Starting thread...
[vist#0:0/png @ 0000025479f1b880] [dec:png @ 000002547a45e780] Decoder thread received EOF packet
[vist#0:0/png @ 0000025479f1b880] [dec:png @ 000002547a45e780] Decoder returned EOF, finishing
[vist#0:0/png @ 0000025479f1b880] [dec:png @ 000002547a45e780] Terminating thread with return code 0 (success)
[auto_scale_0 @ 0000025479f63500] [framesync @ 0000025479f61ce8] Sync level 0
[out_#0:0 @ 0000025479f615c0] EOF on sink link out_#0:0:default.
[vf#0:0 @ 0000025479f79f00] Filtergraph returned EOF, finishing
[vf#0:0 @ 0000025479f79f00] All consumers returned EOF
[vost#0:0/libx264 @ 0000025479f78c00] [enc:libx264 @ 0000025479f6d600] Encoder thread received EOF
[vf#0:0 @ 0000025479f79f00] Terminating thread with return code 0 (success)
[libx264 @ 0000025479f794c0] frame=   0 QP=10.83 NAL=3 Slice:I Poc:0   I:1024 P:0    SKIP:0    size=4243 bytes
[libx264 @ 0000025479f794c0] frame=   1 QP=16.41 NAL=2 Slice:P Poc:2   I:30   P:120  SKIP:874  size=627 bytes
[libx264 @ 0000025479f794c0] frame=   2 QP=11.68 NAL=2 Slice:P Poc:4   I:11   P:31   SKIP:982  size=308 bytes
[libx264 @ 0000025479f794c0] frame=   3 QP=17.01 NAL=2 Slice:P Poc:6   I:12   P:25   SKIP:987  size=338 bytes
[libx264 @ 0000025479f794c0] frame=   4 QP=16.30 NAL=2 Slice:P Poc:8   I:7    P:18   SKIP:999  size=249 bytes
[libx264 @ 0000025479f794c0] frame=   5 QP=17.79 NAL=2 Slice:P Poc:10  I:6    P:35   SKIP:983  size=235 bytes
[libx264 @ 0000025479f794c0] frame=   6 QP=13.24 NAL=2 Slice:P Poc:12  I:2    P:15   SKIP:1007 size=116 bytes
[libx264 @ 0000025479f794c0] frame=   7 QP=17.80 NAL=2 Slice:P Poc:14  I:5    P:12   SKIP:1007 size=182 bytes
[libx264 @ 0000025479f794c0] frame=   8 QP=17.47 NAL=2 Slice:P Poc:16  I:6    P:30   SKIP:988  size=184 bytes
[libx264 @ 0000025479f794c0] frame=   9 QP=14.30 NAL=2 Slice:P Poc:18  I:12   P:6    SKIP:1006 size=111 bytes
[libx264 @ 0000025479f794c0] frame=  10 QP=14.23 NAL=2 Slice:P Poc:20  I:8    P:8    SKIP:1008 size=99 bytes
[libx264 @ 0000025479f794c0] frame=  11 QP=15.20 NAL=2 Slice:P Poc:22  I:6    P:9    SKIP:1009 size=77 bytes
[libx264 @ 0000025479f794c0] frame=  12 QP=10.69 NAL=2 Slice:P Poc:24  I:7    P:3    SKIP:1014 size=38 bytes
[libx264 @ 0000025479f794c0] frame=  13 QP=13.00 NAL=2 Slice:P Poc:26  I:0    P:0    SKIP:1024 size=11 bytes
[vost#0:0/libx264 @ 0000025479f78c00] Terminating thread with return code 0 (success)
[out#0/mp4 @ 0000025479f1ba40] All streams finished
[out#0/mp4 @ 0000025479f1ba40] Terminating thread with return code 0 (success)
[AVIOContext @ 0000025479f38b80] Statistics: 8958 bytes written, 2 seeks, 4 writeouts
[out#0/mp4 @ 0000025479f1ba40] Output file #0 (C:/Users/Taki/Desktop/hunjam2024/assets/leafdude/leafdude_hide/leafdude_hide.mp4):
[out#0/mp4 @ 0000025479f1ba40]   Output stream #0:0 (video): 14 frames encoded; 14 packets muxed (7446 bytes); 
[out#0/mp4 @ 0000025479f1ba40]   Total: 14 packets (7446 bytes) muxed
[out#0/mp4 @ 0000025479f1ba40] video:7KiB audio:0KiB subtitle:0KiB other streams:0KiB global headers:0KiB muxing overhead: 20.252485%
frame=   14 fps=0.0 q=-1.0 Lsize=       9KiB time=00:00:01.40 bitrate=  51.2kbits/s speed=9.65x    
[AVIOContext @ 0000025479ed8540] Statistics: 191 bytes written, 0 seeks, 1 writeouts
[libx264 @ 0000025479f794c0] frame I:1     Avg QP:10.83  size:  4243
[libx264 @ 0000025479f794c0] frame P:13    Avg QP:15.01  size:   198
[libx264 @ 0000025479f794c0] mb I  I16..4: 85.2%  0.0% 14.8%
[libx264 @ 0000025479f794c0] mb P  I16..4:  0.5%  0.0%  0.4%  P16..4:  1.9%  0.3%  0.2%  0.0%  0.0%    skip:96.8%
[libx264 @ 0000025479f794c0] coded y,uvDC,uvAC intra: 13.3% 25.9% 21.9% inter: 0.2% 0.7% 0.1%
[libx264 @ 0000025479f794c0] i16 v,h,dc,p: 89%  8%  3%  0%
[libx264 @ 0000025479f794c0] i4 v,h,dc,ddl,ddr,vr,hd,vl,hu: 26% 14% 36%  3%  6%  5%  5%  3%  3%
[libx264 @ 0000025479f794c0] i8c dc,h,v,p: 76% 10% 13%  1%
[libx264 @ 0000025479f794c0] ref P L0: 82.6% 13.3%  4.1%
[libx264 @ 0000025479f794c0] kb/s:38.96
[in#0/image2 @ 0000025479ed8680] Input file #0 (C:/Users/Taki/Desktop/hunjam2024/assets/leafdude/leafdude_hide/leafdude_hide%04d.png):
[in#0/image2 @ 0000025479ed8680]   Input stream #0:0 (video): 14 packets read (558988 bytes); 14 frames decoded; 0 decode errors; 
[in#0/image2 @ 0000025479ed8680]   Total: 14 packets (558988 bytes) demuxed
