ffmpeg version 2024-10-24-git-153a6dc8fa-full_build-www.gyan.dev Copyright (c) 2000-2024 the FFmpeg developers
  built with gcc 14.2.0 (Rev1, Built by MSYS2 project)
  configuration: --enable-gpl --enable-version3 --enable-static --disable-w32threads --disable-autodetect --enable-fontconfig --enable-iconv --enable-gnutls --enable-libxml2 --enable-gmp --enable-bzlib --enable-lzma --enable-libsnappy --enable-zlib --enable-librist --enable-libsrt --enable-libssh --enable-libzmq --enable-avisynth --enable-libbluray --enable-libcaca --enable-sdl2 --enable-libaribb24 --enable-libaribcaption --enable-libdav1d --enable-libdavs2 --enable-libopenjpeg --enable-libquirc --enable-libuavs3d --enable-libxevd --enable-libzvbi --enable-libqrencode --enable-librav1e --enable-libsvtav1 --enable-libvvenc --enable-libwebp --enable-libx264 --enable-libx265 --enable-libxavs2 --enable-libxeve --enable-libxvid --enable-libaom --enable-libjxl --enable-libvpx --enable-mediafoundation --enable-libass --enable-frei0r --enable-libfreetype --enable-libfribidi --enable-libharfbuzz --enable-liblensfun --enable-libvidstab --enable-libvmaf --enable-libzimg --enable-amf --enable-cuda-llvm --enable-cuvid --enable-dxva2 --enable-d3d11va --enable-d3d12va --enable-ffnvcodec --enable-libvpl --enable-nvdec --enable-nvenc --enable-vaapi --enable-libshaderc --enable-vulkan --enable-libplacebo --enable-opencl --enable-libcdio --enable-libgme --enable-libmodplug --enable-libopenmpt --enable-libopencore-amrwb --enable-libmp3lame --enable-libshine --enable-libtheora --enable-libtwolame --enable-libvo-amrwbenc --enable-libcodec2 --enable-libilbc --enable-libgsm --enable-liblc3 --enable-libopencore-amrnb --enable-libopus --enable-libspeex --enable-libvorbis --enable-ladspa --enable-libbs2b --enable-libflite --enable-libmysofa --enable-librubberband --enable-libsoxr --enable-chromaprint
  libavutil      59. 45.100 / 59. 45.100
  libavcodec     61. 22.100 / 61. 22.100
  libavformat    61.  9.100 / 61.  9.100
  libavdevice    61.  4.100 / 61.  4.100
  libavfilter    10.  6.100 / 10.  6.100
  libswscale      8.  9.100 /  8.  9.100
  libswresample   5.  4.100 /  5.  4.100
  libpostproc    58.  4.100 / 58.  4.100
Splitting the commandline.
Reading option '-v' ... matched as option 'v' (set logging level) with argument 'debug'.
Reading option '-nostdin' ... matched as option 'stdin' (enable or disable interaction on standard input) with argument 0.
Reading option '-progress' ... matched as option 'progress' (write program-readable progress information) with argument 'C:/Users/Taki/AppData/Local/Temp/KritaFFmpegProgress.Tbwkig'.
Reading option '-r' ... matched as option 'r' (override input framerate/convert to given output framerate (Hz value, fraction or abbreviation)) with argument '10'.
Reading option '-start_number' ... matched as AVOption 'start_number' with argument '0'.
Reading option '-i' ... matched as input url with argument 'C:/Users/Taki/Desktop/hunjam2024/assets/leafdude/leafdude_appear/leafdude_appear%04d.png'.
Reading option '-crf' ... matched as AVOption 'crf' with argument '23'.
Reading option '-preset' ... matched as AVOption 'preset' with argument 'medium'.
Reading option '-profile:v' ... matched as option 'profile' (set profile) with argument 'baseline'.
Reading option '-pix_fmt' ... matched as option 'pix_fmt' (set pixel format) with argument 'yuv420p'.
Reading option '-y' ... matched as option 'y' (overwrite output files) with argument '1'.
Reading option 'C:/Users/Taki/Desktop/hunjam2024/assets/leafdude/leafdude_appear/leafdude_appear.mp4' ... matched as output url.
Finished splitting the commandline.
Parsing a group of options: global .
Applying option v (set logging level) with argument debug.
Applying option nostdin (enable or disable interaction on standard input) with argument 0.
Applying option progress (write program-readable progress information) with argument C:/Users/Taki/AppData/Local/Temp/KritaFFmpegProgress.Tbwkig.
[file @ 000001f177037c00] Setting default whitelist 'file,crypto,data'
Applying option y (overwrite output files) with argument 1.
Successfully parsed a group of options.
Parsing a group of options: input url C:/Users/Taki/Desktop/hunjam2024/assets/leafdude/leafdude_appear/leafdude_appear%04d.png.
Applying option r (override input framerate/convert to given output framerate (Hz value, fraction or abbreviation)) with argument 10.
Successfully parsed a group of options.
Opening an input file: C:/Users/Taki/Desktop/hunjam2024/assets/leafdude/leafdude_appear/leafdude_appear%04d.png.
[image2 @ 000001f177038b00] Opening 'C:/Users/Taki/Desktop/hunjam2024/assets/leafdude/leafdude_appear/leafdude_appear0000.png' for reading
[file @ 000001f17707e980] Setting default whitelist 'file,crypto,data'
[AVIOContext @ 000001f177086b80] Statistics: 36451 bytes read, 0 seeks
[image2 @ 000001f177038b00] Opening 'C:/Users/Taki/Desktop/hunjam2024/assets/leafdude/leafdude_appear/leafdude_appear0001.png' for reading
[file @ 000001f17708fd00] Setting default whitelist 'file,crypto,data'
[AVIOContext @ 000001f1770a0f80] Statistics: 37142 bytes read, 0 seeks
[image2 @ 000001f177038b00] Opening 'C:/Users/Taki/Desktop/hunjam2024/assets/leafdude/leafdude_appear/leafdude_appear0002.png' for reading
[file @ 000001f1770aa2c0] Setting default whitelist 'file,crypto,data'
[AVIOContext @ 000001f1770a0f80] Statistics: 37718 bytes read, 0 seeks
[image2 @ 000001f177038b00] Opening 'C:/Users/Taki/Desktop/hunjam2024/assets/leafdude/leafdude_appear/leafdude_appear0003.png' for reading
[file @ 000001f1770aa2c0] Setting default whitelist 'file,crypto,data'
[AVIOContext @ 000001f1770a0f80] Statistics: 37668 bytes read, 0 seeks
[image2 @ 000001f177038b00] Opening 'C:/Users/Taki/Desktop/hunjam2024/assets/leafdude/leafdude_appear/leafdude_appear0004.png' for reading
[file @ 000001f177083d00] Setting default whitelist 'file,crypto,data'
[AVIOContext @ 000001f1770a0f80] Statistics: 37220 bytes read, 0 seeks
[image2 @ 000001f177038b00] Opening 'C:/Users/Taki/Desktop/hunjam2024/assets/leafdude/leafdude_appear/leafdude_appear0005.png' for reading
[file @ 000001f177083d00] Setting default whitelist 'file,crypto,data'
[AVIOContext @ 000001f1770a0f80] Statistics: 36664 bytes read, 0 seeks
[image2 @ 000001f177038b00] Opening 'C:/Users/Taki/Desktop/hunjam2024/assets/leafdude/leafdude_appear/leafdude_appear0006.png' for reading
[file @ 000001f177083d00] Setting default whitelist 'file,crypto,data'
[AVIOContext @ 000001f1770a0f80] Statistics: 36451 bytes read, 0 seeks
[image2 @ 000001f177038b00] Opening 'C:/Users/Taki/Desktop/hunjam2024/assets/leafdude/leafdude_appear/leafdude_appear0007.png' for reading
[file @ 000001f177083d00] Setting default whitelist 'file,crypto,data'
[AVIOContext @ 000001f1770a0f80] Statistics: 36451 bytes read, 0 seeks
[image2 @ 000001f177038b00] Opening 'C:/Users/Taki/Desktop/hunjam2024/assets/leafdude/leafdude_appear/leafdude_appear0008.png' for reading
[file @ 000001f177083d00] Setting default whitelist 'file,crypto,data'
[AVIOContext @ 000001f1770a0f80] Statistics: 36451 bytes read, 0 seeks
[image2 @ 000001f177038b00] Opening 'C:/Users/Taki/Desktop/hunjam2024/assets/leafdude/leafdude_appear/leafdude_appear0009.png' for reading
[file @ 000001f177083d00] Setting default whitelist 'file,crypto,data'
[AVIOContext @ 000001f1770a0f80] Statistics: 36451 bytes read, 0 seeks
[image2 @ 000001f177038b00] Opening 'C:/Users/Taki/Desktop/hunjam2024/assets/leafdude/leafdude_appear/leafdude_appear0010.png' for reading
[file @ 000001f177083d00] Setting default whitelist 'file,crypto,data'
[AVIOContext @ 000001f1770a0f80] Statistics: 36451 bytes read, 0 seeks
[image2 @ 000001f177038b00] Opening 'C:/Users/Taki/Desktop/hunjam2024/assets/leafdude/leafdude_appear/leafdude_appear0011.png' for reading
[file @ 000001f177083d00] Setting default whitelist 'file,crypto,data'
[AVIOContext @ 000001f1770a0f80] Statistics: 36451 bytes read, 0 seeks
[image2 @ 000001f177038b00] Opening 'C:/Users/Taki/Desktop/hunjam2024/assets/leafdude/leafdude_appear/leafdude_appear0012.png' for reading
[file @ 000001f177083d00] Setting default whitelist 'file,crypto,data'
[AVIOContext @ 000001f1770a0f80] Statistics: 36451 bytes read, 0 seeks
[image2 @ 000001f177038b00] Opening 'C:/Users/Taki/Desktop/hunjam2024/assets/leafdude/leafdude_appear/leafdude_appear0013.png' for reading
[file @ 000001f177083d00] Setting default whitelist 'file,crypto,data'
[AVIOContext @ 000001f1770a0f80] Statistics: 36451 bytes read, 0 seeks
[image2 @ 000001f177038b00] Opening 'C:/Users/Taki/Desktop/hunjam2024/assets/leafdude/leafdude_appear/leafdude_appear0014.png' for reading
[file @ 000001f177083d00] Setting default whitelist 'file,crypto,data'
[AVIOContext @ 000001f1770a0f80] Statistics: 36451 bytes read, 0 seeks
[image2 @ 000001f177038b00] Opening 'C:/Users/Taki/Desktop/hunjam2024/assets/leafdude/leafdude_appear/leafdude_appear0015.png' for reading
[file @ 000001f177083d00] Setting default whitelist 'file,crypto,data'
[AVIOContext @ 000001f1770a0f80] Statistics: 36451 bytes read, 0 seeks
[image2 @ 000001f177038b00] Opening 'C:/Users/Taki/Desktop/hunjam2024/assets/leafdude/leafdude_appear/leafdude_appear0016.png' for reading
[file @ 000001f177083d00] Setting default whitelist 'file,crypto,data'
[AVIOContext @ 000001f1770a0f80] Statistics: 36451 bytes read, 0 seeks
[image2 @ 000001f177038b00] Opening 'C:/Users/Taki/Desktop/hunjam2024/assets/leafdude/leafdude_appear/leafdude_appear0017.png' for reading
[file @ 000001f177083d00] Setting default whitelist 'file,crypto,data'
[AVIOContext @ 000001f1770a0f80] Statistics: 36451 bytes read, 0 seeks
[image2 @ 000001f177038b00] Opening 'C:/Users/Taki/Desktop/hunjam2024/assets/leafdude/leafdude_appear/leafdude_appear0018.png' for reading
[file @ 000001f177083d00] Setting default whitelist 'file,crypto,data'
[AVIOContext @ 000001f1770a0f80] Statistics: 36451 bytes read, 0 seeks
[image2 @ 000001f177038b00] Opening 'C:/Users/Taki/Desktop/hunjam2024/assets/leafdude/leafdude_appear/leafdude_appear0019.png' for reading
[file @ 000001f177083d00] Setting default whitelist 'file,crypto,data'
[AVIOContext @ 000001f1770a0f80] Statistics: 36451 bytes read, 0 seeks
[image2 @ 000001f177038b00] Opening 'C:/Users/Taki/Desktop/hunjam2024/assets/leafdude/leafdude_appear/leafdude_appear0020.png' for reading
[file @ 000001f177083d00] Setting default whitelist 'file,crypto,data'
[AVIOContext @ 000001f1770a0f80] Statistics: 36849 bytes read, 0 seeks
[image2 @ 000001f177038b00] Opening 'C:/Users/Taki/Desktop/hunjam2024/assets/leafdude/leafdude_appear/leafdude_appear0021.png' for reading
[file @ 000001f177083d00] Setting default whitelist 'file,crypto,data'
[AVIOContext @ 000001f1770a0f80] Statistics: 38155 bytes read, 0 seeks
[image2 @ 000001f177038b00] Opening 'C:/Users/Taki/Desktop/hunjam2024/assets/leafdude/leafdude_appear/leafdude_appear0022.png' for reading
[file @ 000001f177083d00] Setting default whitelist 'file,crypto,data'
[AVIOContext @ 000001f1770a0f80] Statistics: 38155 bytes read, 0 seeks
[image2 @ 000001f177038b00] Opening 'C:/Users/Taki/Desktop/hunjam2024/assets/leafdude/leafdude_appear/leafdude_appear0023.png' for reading
[file @ 000001f177083d00] Setting default whitelist 'file,crypto,data'
[AVIOContext @ 000001f1770a0f80] Statistics: 38155 bytes read, 0 seeks
[image2 @ 000001f177038b00] Opening 'C:/Users/Taki/Desktop/hunjam2024/assets/leafdude/leafdude_appear/leafdude_appear0024.png' for reading
[file @ 000001f177083d00] Setting default whitelist 'file,crypto,data'
[AVIOContext @ 000001f1770a0f80] Statistics: 38065 bytes read, 0 seeks
[image2 @ 000001f177038b00] Opening 'C:/Users/Taki/Desktop/hunjam2024/assets/leafdude/leafdude_appear/leafdude_appear0025.png' for reading
[file @ 000001f177083d00] Setting default whitelist 'file,crypto,data'
[AVIOContext @ 000001f1770a0f80] Statistics: 37883 bytes read, 0 seeks
[image2 @ 000001f177038b00] Opening 'C:/Users/Taki/Desktop/hunjam2024/assets/leafdude/leafdude_appear/leafdude_appear0026.png' for reading
[file @ 000001f177083d00] Setting default whitelist 'file,crypto,data'
[AVIOContext @ 000001f1770a0f80] Statistics: 37883 bytes read, 0 seeks
[image2 @ 000001f177038b00] Opening 'C:/Users/Taki/Desktop/hunjam2024/assets/leafdude/leafdude_appear/leafdude_appear0027.png' for reading
[file @ 000001f177083d00] Setting default whitelist 'file,crypto,data'
[AVIOContext @ 000001f1770a0f80] Statistics: 37883 bytes read, 0 seeks
[image2 @ 000001f177038b00] Opening 'C:/Users/Taki/Desktop/hunjam2024/assets/leafdude/leafdude_appear/leafdude_appear0028.png' for reading
[file @ 000001f177083d00] Setting default whitelist 'file,crypto,data'
[AVIOContext @ 000001f1770a0f80] Statistics: 38867 bytes read, 0 seeks
[image2 @ 000001f177038b00] Opening 'C:/Users/Taki/Desktop/hunjam2024/assets/leafdude/leafdude_appear/leafdude_appear0029.png' for reading
[file @ 000001f177083d00] Setting default whitelist 'file,crypto,data'
[AVIOContext @ 000001f1770a0f80] Statistics: 39965 bytes read, 0 seeks
[image2 @ 000001f177038b00] Opening 'C:/Users/Taki/Desktop/hunjam2024/assets/leafdude/leafdude_appear/leafdude_appear0030.png' for reading
[file @ 000001f177083d00] Setting default whitelist 'file,crypto,data'
[AVIOContext @ 000001f1770a0f80] Statistics: 42056 bytes read, 0 seeks
[image2 @ 000001f177038b00] Opening 'C:/Users/Taki/Desktop/hunjam2024/assets/leafdude/leafdude_appear/leafdude_appear0031.png' for reading
[file @ 000001f177083d00] Setting default whitelist 'file,crypto,data'
[AVIOContext @ 000001f1770a0f80] Statistics: 44485 bytes read, 0 seeks
[image2 @ 000001f177038b00] Opening 'C:/Users/Taki/Desktop/hunjam2024/assets/leafdude/leafdude_appear/leafdude_appear0032.png' for reading
[file @ 000001f177083d00] Setting default whitelist 'file,crypto,data'
[AVIOContext @ 000001f1770a0f80] Statistics: 46459 bytes read, 0 seeks
[image2 @ 000001f177038b00] Opening 'C:/Users/Taki/Desktop/hunjam2024/assets/leafdude/leafdude_appear/leafdude_appear0033.png' for reading
[file @ 000001f177083d00] Setting default whitelist 'file,crypto,data'
[AVIOContext @ 000001f1770a0f80] Statistics: 46459 bytes read, 0 seeks
[image2 @ 000001f177038b00] Opening 'C:/Users/Taki/Desktop/hunjam2024/assets/leafdude/leafdude_appear/leafdude_appear0034.png' for reading
[file @ 000001f177083d00] Setting default whitelist 'file,crypto,data'
[AVIOContext @ 000001f1770a0f80] Statistics: 46459 bytes read, 0 seeks
Input #0, image2, from 'C:/Users/Taki/Desktop/hunjam2024/assets/leafdude/leafdude_appear/leafdude_appear%04d.png':
  Duration: 00:00:01.40, start: 0.000000, bitrate: N/A
  Stream #0:0, 35, 1/25: Video: png, 1 reference frame, rgba(pc, gbr/unknown/unknown), 512x512 [SAR 3779:3779 DAR 1:1], 0/1, 25 fps, 25 tbr, 25 tbn
Successfully opened the file.
Parsing a group of options: output url C:/Users/Taki/Desktop/hunjam2024/assets/leafdude/leafdude_appear/leafdude_appear.mp4.
Applying option profile:v (set profile) with argument baseline.
Applying option pix_fmt (set pixel format) with argument yuv420p.
Successfully parsed a group of options.
Opening an output file: C:/Users/Taki/Desktop/hunjam2024/assets/leafdude/leafdude_appear/leafdude_appear.mp4.
[out#0/mp4 @ 000001f177086b80] No explicit maps, mapping streams automatically...
[vost#0:0/libx264 @ 000001f177090440] Created video stream from input stream 0:0
detected 4 logical cores
[file @ 000001f1770dbd40] Setting default whitelist 'file,crypto,data'
Successfully opened the file.
Stream mapping:
  Stream #0:0 -> #0:0 (png (native) -> h264 (libx264))
[vost#0:0/libx264 @ 000001f177090440] Starting thread...
[vf#0:0 @ 000001f17707df80] Starting thread...
[vist#0:0/png @ 000001f177086a00] [dec:png @ 000001f177080800] Starting thread...
[in#0/image2 @ 000001f177038740] Starting thread...
[graph -1 input from stream 0:0 @ 000001f1776ae7c0] w:512 h:512 pixfmt:rgba tb:1/10 fr:10/1 sar:3779/3779 csp:gbr range:pc
[format @ 000001f17754c580] Setting 'pix_fmts' to value 'yuv420p'
[format @ 000001f17754c580] Setting 'color_ranges' to value 'tv|pc'
[auto_scale_0 @ 000001f17754c380] w:iw h:ih flags:'' interl:0
[format @ 000001f17754c580] auto-inserting filter 'auto_scale_0' between the filter 'Parsed_null_0' and the filter 'format'
[AVFilterGraph @ 000001f177084080] query_formats: 4 queried, 6 merged, 3 already done, 0 delayed
[auto_scale_0 @ 000001f17754c380] w:512 h:512 fmt:rgba csp:gbr range:pc sar:3779/3779 -> w:512 h:512 fmt:yuv420p csp:unknown range:tv sar:1/1 flags:0x00000004
[auto_scale_0 @ 000001f17754c380] [framesync @ 000001f17754d028] Selected 1/10 time base
[auto_scale_0 @ 000001f17754c380] [framesync @ 000001f17754d028] Sync level 1
[libx264 @ 000001f17707c540] using mv_range_thread = 40
[libx264 @ 000001f17707c540] using SAR=1/1
[libx264 @ 000001f17707c540] using cpu capabilities: MMX2 SSE2Fast SSSE3 SSE4.2 AVX FMA3 BMI2 AVX2
[libx264 @ 000001f17707c540] profile Constrained Baseline, level 2.2, 4:2:0, 8-bit
[libx264 @ 000001f17707c540] 264 - core 164 r3194 1243d9f - H.264/MPEG-4 AVC codec - Copyleft 2003-2024 - http://www.videolan.org/x264.html - options: cabac=0 ref=3 deblock=1:0:0 analyse=0x1:0x111 me=hex subme=7 psy=1 psy_rd=1.00:0.00 mixed_ref=1 me_range=16 chroma_me=1 trellis=1 8x8dct=0 cqm=0 deadzone=21,11 fast_pskip=1 chroma_qp_offset=-2 threads=6 lookahead_threads=1 sliced_threads=0 nr=0 decimate=1 interlaced=0 bluray_compat=0 constrained_intra=0 bframes=0 weightp=0 keyint=250 keyint_min=10 scenecut=40 intra_refresh=0 rc_lookahead=40 rc=crf mbtree=1 crf=23.0 qcomp=0.60 qpmin=0 qpmax=69 qpstep=4 ip_ratio=1.40 aq=1:1.00
Output #0, mp4, to 'C:/Users/Taki/Desktop/hunjam2024/assets/leafdude/leafdude_appear/leafdude_appear.mp4':
  Metadata:
    encoder         : Lavf61.9.100
  Stream #0:0, 0, 1/10240: Video: h264, 1 reference frame (avc1 / 0x31637661), yuv420p(tv, progressive), 512x512 [SAR 1:1 DAR 1:1], 0/1, q=2-31, 10 fps, 10240 tbn
    Metadata:
      encoder         : Lavc61.22.100 libx264
    Side data:
      ICC Profile
      cpb: bitrate max/min/avg: 0/0/0 buffer size: 0 vbv_delay: N/A
[out#0/mp4 @ 000001f177086b80] Starting thread...
[in#0/image2 @ 000001f177038740] EOF while reading input
[in#0/image2 @ 000001f177038740] Terminating thread with return code 0 (success)
[vist#0:0/png @ 000001f177086a00] [dec:png @ 000001f177080800] Decoder thread received EOF packet
[vist#0:0/png @ 000001f177086a00] [dec:png @ 000001f177080800] Decoder returned EOF, finishing
[vist#0:0/png @ 000001f177086a00] [dec:png @ 000001f177080800] Terminating thread with return code 0 (success)
[auto_scale_0 @ 000001f17754c380] [framesync @ 000001f17754d028] Sync level 0
[out_#0:0 @ 000001f1776ae8c0] EOF on sink link out_#0:0:default.
[vf#0:0 @ 000001f17707df80] Filtergraph returned EOF, finishing
[vf#0:0 @ 000001f17707df80] All consumers returned EOF
[vost#0:0/libx264 @ 000001f177090440] [enc:libx264 @ 000001f1775d4c40] Encoder thread received EOF
[vf#0:0 @ 000001f17707df80] Terminating thread with return code 0 (success)
[libx264 @ 000001f17707c540] frame=   0 QP=10.11 NAL=3 Slice:I Poc:0   I:1024 P:0    SKIP:0    size=4004 bytes
[libx264 @ 000001f17707c540] frame=   1 QP=11.95 NAL=2 Slice:P Poc:2   I:7    P:87   SKIP:930  size=303 bytes
[libx264 @ 000001f17707c540] frame=   2 QP=11.50 NAL=2 Slice:P Poc:4   I:5    P:25   SKIP:994  size=198 bytes
[libx264 @ 000001f17707c540] frame=   3 QP=15.22 NAL=2 Slice:P Poc:6   I:9    P:14   SKIP:1001 size=196 bytes
[libx264 @ 000001f17707c540] frame=   4 QP=10.91 NAL=2 Slice:P Poc:8   I:11   P:15   SKIP:998  size=162 bytes
[libx264 @ 000001f17707c540] frame=   5 QP=10.71 NAL=2 Slice:P Poc:10  I:11   P:7    SKIP:1006 size=90 bytes
[libx264 @ 000001f17707c540] frame=   6 QP=10.29 NAL=2 Slice:P Poc:12  I:3    P:5    SKIP:1016 size=43 bytes
[libx264 @ 000001f17707c540] frame=   7 QP=11.24 NAL=2 Slice:P Poc:14  I:2    P:4    SKIP:1018 size=39 bytes
[libx264 @ 000001f17707c540] frame=   8 QP=11.24 NAL=2 Slice:P Poc:16  I:1    P:5    SKIP:1018 size=38 bytes
[libx264 @ 000001f17707c540] frame=   9 QP=11.24 NAL=2 Slice:P Poc:18  I:2    P:4    SKIP:1018 size=39 bytes
[libx264 @ 000001f17707c540] frame=  10 QP=11.24 NAL=2 Slice:P Poc:20  I:1    P:5    SKIP:1018 size=38 bytes
[libx264 @ 000001f17707c540] frame=  11 QP=11.24 NAL=2 Slice:P Poc:22  I:2    P:4    SKIP:1018 size=39 bytes
[libx264 @ 000001f17707c540] frame=  12 QP=11.28 NAL=2 Slice:P Poc:24  I:1    P:6    SKIP:1017 size=42 bytes
[libx264 @ 000001f17707c540] frame=  13 QP=11.24 NAL=2 Slice:P Poc:26  I:2    P:5    SKIP:1017 size=42 bytes
[libx264 @ 000001f17707c540] frame=  14 QP=11.24 NAL=2 Slice:P Poc:28  I:1    P:5    SKIP:1018 size=38 bytes
[libx264 @ 000001f17707c540] frame=  15 QP=11.24 NAL=2 Slice:P Poc:30  I:2    P:4    SKIP:1018 size=39 bytes
[libx264 @ 000001f17707c540] frame=  16 QP=11.24 NAL=2 Slice:P Poc:32  I:2    P:3    SKIP:1019 size=35 bytes
[libx264 @ 000001f17707c540] frame=  17 QP=11.71 NAL=2 Slice:P Poc:34  I:2    P:4    SKIP:1018 size=40 bytes
[libx264 @ 000001f17707c540] frame=  18 QP=12.66 NAL=2 Slice:P Poc:36  I:2    P:3    SKIP:1019 size=34 bytes
[libx264 @ 000001f17707c540] frame=  19 QP=12.67 NAL=2 Slice:P Poc:38  I:2    P:4    SKIP:1018 size=37 bytes
[libx264 @ 000001f17707c540] frame=  20 QP=18.50 NAL=2 Slice:P Poc:40  I:4    P:4    SKIP:1016 size=135 bytes
[libx264 @ 000001f17707c540] frame=  21 QP=16.45 NAL=2 Slice:P Poc:42  I:7    P:10   SKIP:1007 size=281 bytes
[libx264 @ 000001f17707c540] frame=  22 QP=12.70 NAL=2 Slice:P Poc:44  I:1    P:5    SKIP:1018 size=37 bytes
[libx264 @ 000001f17707c540] frame=  23 QP=12.70 NAL=2 Slice:P Poc:46  I:1    P:3    SKIP:1020 size=29 bytes
[libx264 @ 000001f17707c540] frame=  24 QP=18.61 NAL=2 Slice:P Poc:48  I:8    P:8    SKIP:1008 size=240 bytes
[libx264 @ 000001f17707c540] frame=  25 QP=14.28 NAL=2 Slice:P Poc:50  I:9    P:10   SKIP:1005 size=306 bytes
[libx264 @ 000001f17707c540] frame=  26 QP=18.09 NAL=2 Slice:P Poc:52  I:1    P:3    SKIP:1020 size=35 bytes
[libx264 @ 000001f17707c540] frame=  27 QP=12.66 NAL=2 Slice:P Poc:54  I:1    P:3    SKIP:1020 size=29 bytes
[libx264 @ 000001f17707c540] frame=  28 QP=17.57 NAL=2 Slice:P Poc:56  I:4    P:5    SKIP:1015 size=128 bytes
[libx264 @ 000001f17707c540] frame=  29 QP=21.16 NAL=2 Slice:P Poc:58  I:7    P:18   SKIP:999  size=258 bytes
[libx264 @ 000001f17707c540] frame=  30 QP=12.53 NAL=2 Slice:P Poc:60  I:9    P:9    SKIP:1006 size=329 bytes
[libx264 @ 000001f17707c540] frame=  31 QP=20.59 NAL=2 Slice:P Poc:62  I:9    P:14   SKIP:1001 size=476 bytes
[libx264 @ 000001f17707c540] frame=  32 QP=17.01 NAL=2 Slice:P Poc:64  I:8    P:23   SKIP:993  size=657 bytes
[libx264 @ 000001f17707c540] frame=  33 QP=19.57 NAL=2 Slice:P Poc:66  I:1    P:2    SKIP:1021 size=29 bytes
[libx264 @ 000001f17707c540] frame=  34 QP=13.00 NAL=2 Slice:P Poc:68  I:0    P:0    SKIP:1024 size=11 bytes
[vost#0:0/libx264 @ 000001f177090440] Terminating thread with return code 0 (success)
[out#0/mp4 @ 000001f177086b80] All streams finished
[out#0/mp4 @ 000001f177086b80] Terminating thread with return code 0 (success)
[AVIOContext @ 000001f1770dbe40] Statistics: 10700 bytes written, 2 seeks, 4 writeouts
[out#0/mp4 @ 000001f177086b80] Output file #0 (C:/Users/Taki/Desktop/hunjam2024/assets/leafdude/leafdude_appear/leafdude_appear.mp4):
[out#0/mp4 @ 000001f177086b80]   Output stream #0:0 (video): 35 frames encoded; 35 packets muxed (9104 bytes); 
[out#0/mp4 @ 000001f177086b80]   Total: 35 packets (9104 bytes) muxed
[out#0/mp4 @ 000001f177086b80] video:9KiB audio:0KiB subtitle:0KiB other streams:0KiB global headers:0KiB muxing overhead: 17.486819%
frame=   35 fps=0.0 q=-1.0 Lsize=      10KiB time=00:00:03.50 bitrate=  24.4kbits/s speed=11.1x    
[AVIOContext @ 000001f177038600] Statistics: 192 bytes written, 0 seeks, 1 writeouts
[libx264 @ 000001f17707c540] frame I:1     Avg QP:10.11  size:  4004
[libx264 @ 000001f17707c540] frame P:34    Avg QP:13.69  size:   132
[libx264 @ 000001f17707c540] mb I  I16..4: 87.7%  0.0% 12.3%
[libx264 @ 000001f17707c540] mb P  I16..4:  0.2%  0.0%  0.2%  P16..4:  0.8%  0.1%  0.0%  0.0%  0.0%    skip:98.7%
[libx264 @ 000001f17707c540] coded y,uvDC,uvAC intra: 13.4% 28.9% 24.5% inter: 0.1% 0.5% 0.1%
[libx264 @ 000001f17707c540] i16 v,h,dc,p: 90%  7%  3%  0%
[libx264 @ 000001f17707c540] i4 v,h,dc,ddl,ddr,vr,hd,vl,hu: 21% 18% 35%  2%  7%  5%  6%  3%  3%
[libx264 @ 000001f17707c540] i8c dc,h,v,p: 76%  9% 12%  4%
[libx264 @ 000001f17707c540] ref P L0: 91.0%  6.7%  2.2%
[libx264 @ 000001f17707c540] kb/s:19.37
[in#0/image2 @ 000001f177038740] Input file #0 (C:/Users/Taki/Desktop/hunjam2024/assets/leafdude/leafdude_appear/leafdude_appear%04d.png):
[in#0/image2 @ 000001f177038740]   Input stream #0:0 (video): 35 packets read (1340955 bytes); 35 frames decoded; 0 decode errors; 
[in#0/image2 @ 000001f177038740]   Total: 35 packets (1340955 bytes) demuxed
